Temp/gradleOut/unityLibrary/build/intermediates/manifest_merge_blame_file/release/manifest-merger-blame-release-report.txt
1<?xml version="1.0" encoding="utf-8"?>
2<!-- GENERATED BY UNITY. REMOVE THIS COMMENT TO PREVENT OVERWRITING WHEN EXPORTING AGAIN -->
3<manifest xmlns:android="http://schemas.android.com/apk/res/android"
4    xmlns:tools="http://schemas.android.com/tools"
5    package="com.unity3d.player"
6    android:versionCode="1"
7    android:versionName="0.1" >
8
9    <uses-sdk
10        android:minSdkVersion="19"
10-->src/main/AndroidManifest.xml
11        android:targetSdkVersion="29" />
11-->src/main/AndroidManifest.xml
12
13    <uses-feature android:glEsVersion="0x00030000" />
13-->src/main/AndroidManifest.xml:18:3-52
13-->src/main/AndroidManifest.xml:18:17-49
14    <uses-feature
14-->src/main/AndroidManifest.xml:19:3-91
15        android:name="android.hardware.vulkan.version"
15-->src/main/AndroidManifest.xml:19:17-63
16        android:required="false" />
16-->src/main/AndroidManifest.xml:19:64-88
17
18    <uses-permission android:name="android.permission.CAMERA" />
18-->src/main/AndroidManifest.xml:20:3-63
18-->src/main/AndroidManifest.xml:20:20-60
19
20    <uses-feature
20-->src/main/AndroidManifest.xml:21:3-83
21        android:name="android.hardware.camera"
21-->src/main/AndroidManifest.xml:21:17-55
22        android:required="false" />
22-->src/main/AndroidManifest.xml:21:56-80
23    <uses-feature
23-->src/main/AndroidManifest.xml:22:3-93
24        android:name="android.hardware.camera.autofocus"
24-->src/main/AndroidManifest.xml:22:17-65
25        android:required="false" />
25-->src/main/AndroidManifest.xml:22:66-90
26    <uses-feature
26-->src/main/AndroidManifest.xml:23:3-89
27        android:name="android.hardware.camera.front"
27-->src/main/AndroidManifest.xml:23:17-61
28        android:required="false" />
28-->src/main/AndroidManifest.xml:23:62-86
29    <uses-feature
29-->src/main/AndroidManifest.xml:24:3-88
30        android:name="android.hardware.touchscreen"
30-->src/main/AndroidManifest.xml:24:17-60
31        android:required="false" />
31-->src/main/AndroidManifest.xml:24:61-85
32    <uses-feature
32-->src/main/AndroidManifest.xml:25:3-99
33        android:name="android.hardware.touchscreen.multitouch"
33-->src/main/AndroidManifest.xml:25:17-71
34        android:required="false" />
34-->src/main/AndroidManifest.xml:25:72-96
35    <uses-feature
35-->src/main/AndroidManifest.xml:26:3-108
36        android:name="android.hardware.touchscreen.multitouch.distinct"
36-->src/main/AndroidManifest.xml:26:17-80
37        android:required="false" />
37-->src/main/AndroidManifest.xml:26:81-105
38
39    <application>
39-->src/main/AndroidManifest.xml:4:3-17:17
40        <activity
40-->src/main/AndroidManifest.xml:5:5-12:16
41            android:name="com.unity3d.player.UnityPlayerActivity"
41-->src/main/AndroidManifest.xml:5:15-68
42            android:configChanges="mcc|mnc|locale|touchscreen|keyboard|keyboardHidden|navigation|orientation|screenLayout|uiMode|screenSize|smallestScreenSize|fontScale|layoutDirection|density"
42-->src/main/AndroidManifest.xml:5:182-363
43            android:hardwareAccelerated="false"
43-->src/main/AndroidManifest.xml:5:364-399
44            android:launchMode="singleTask"
44-->src/main/AndroidManifest.xml:5:150-181
45            android:screenOrientation="fullSensor"
45-->src/main/AndroidManifest.xml:5:111-149
46            android:theme="@style/UnityThemeSelector" >
46-->src/main/AndroidManifest.xml:5:69-110
47            <intent-filter>
47-->src/main/AndroidManifest.xml:6:7-9:23
48                <action android:name="android.intent.action.MAIN" />
48-->src/main/AndroidManifest.xml:7:9-61
48-->src/main/AndroidManifest.xml:7:17-58
49
50                <category android:name="android.intent.category.LAUNCHER" />
50-->src/main/AndroidManifest.xml:8:9-69
50-->src/main/AndroidManifest.xml:8:19-66
51            </intent-filter>
52
53            <meta-data
53-->src/main/AndroidManifest.xml:10:7-82
54                android:name="unityplayer.UnityActivity"
54-->src/main/AndroidManifest.xml:10:18-58
55                android:value="true" />
55-->src/main/AndroidManifest.xml:10:59-79
56            <meta-data
56-->src/main/AndroidManifest.xml:11:7-78
57                android:name="android.notch_support"
57-->src/main/AndroidManifest.xml:11:18-54
58                android:value="true" />
58-->src/main/AndroidManifest.xml:11:55-75
59        </activity>
60
61        <meta-data
61-->src/main/AndroidManifest.xml:13:5-69
62            android:name="unity.splash-mode"
62-->src/main/AndroidManifest.xml:13:16-48
63            android:value="0" />
63-->src/main/AndroidManifest.xml:13:49-66
64        <meta-data
64-->src/main/AndroidManifest.xml:14:5-74
65            android:name="unity.splash-enable"
65-->src/main/AndroidManifest.xml:14:16-50
66            android:value="True" />
66-->src/main/AndroidManifest.xml:14:51-71
67        <meta-data
67-->src/main/AndroidManifest.xml:15:5-81
68            android:name="notch.config"
68-->src/main/AndroidManifest.xml:15:16-43
69            android:value="portrait|landscape" />
69-->src/main/AndroidManifest.xml:15:44-78
70        <meta-data
70-->src/main/AndroidManifest.xml:16:5-101
71            android:name="unity.build-id"
71-->src/main/AndroidManifest.xml:16:16-45
72            android:value="27dcfe48-80a7-4c81-aebf-a5b6c0391f78" />
72-->src/main/AndroidManifest.xml:16:46-98
73    </application>
74
75</manifest>